+++++++++++++Total Check Started+++++++++++++
  //////// 2017/01/05  PM 04:33:52 //////// 

####Checked FileName ： 
XXXXX-XXXXX-XXX.epub

##SarrogatePair Character Check Result ： 
OK! Not Any SarrogatePair Characters in EPUB File!

##Unicode IVS Character Check Result ： 
OK! Not Any Unicode IVS Characters in EPUB File!

##Irregular Space Character Check Result ： 
OK! Not Any Irregular Space Characters in EPUB File!

##Voiced Soundmark Check Result ： 
OK! Not Any Voiced Soundmark in EPUB File!

##EpubCheckResult ：
Picked up _JAVA_OPTIONS: -Dfile.encoding=UTF-8
Epubcheck Version 3.0.1

ERROR: /Users/kazuhsat/Desktop/epub2/src/XXXXX-XXXXX-XXX.epub: Mimetype entry missing or not the first in archive
Validating against EPUB version 3.0
WARNING: /Users/kazuhsat/Desktop/epub2/src/XXXXX-XXXXX-XXX.epub: item (.DS_Store) exists in the zip file, but is not declared in the OPF file

Check finished with warnings or errors

-------------Total Check Finished-------------


####Checked FileName ： 
XXXXX-XXXXX-XXX.epub

##SarrogatePair Character Check Result ： 
OK! Not Any SarrogatePair Characters in EPUB File!

##Unicode IVS Character Check Result ： 
OK! Not Any Unicode IVS Characters in EPUB File!

##Irregular Space Character Check Result ： 
OK! Not Any Irregular Space Characters in EPUB File!

##Voiced Soundmark Check Result ： 
OK! Not Any Voiced Soundmark in EPUB File!

